Build started 12/11/2016 1:50:20 PM.
     1>Project "C:\Users\Frank\Documents\GitHub\cs520project\APEX_ISA_Implementation\APEX_ISA_Implementation\APEX_ISA_Implementation.vcxproj" on node 2 (Rebuild target(s)).
     1>ClCompile:
         C:\Program Files (x86)\Microsoft Visual Studio 12.0\VC\bin\CL.exe /c /ZI /nologo /W3 /WX- /sdl /Od /Oy- /D WIN32 /D _DEBUG /D _CONSOLE /D _LIB /D _UNICODE /D UNICODE /Gm /EHsc /RTC1 /MDd /GS /fp:precise /Zc:wchar_t /Zc:forScope /Yc"stdafx.h" /Fp"Debug\APEX_ISA_Implementation.pch" /Fo"Debug\\" /Fd"Debug\vc120.pdb" /Gd /TP /analyze- /errorReport:prompt stdafx.cpp
         stdafx.cpp
         C:\Program Files (x86)\Microsoft Visual Studio 12.0\VC\bin\CL.exe /c /ZI /nologo /W3 /WX- /sdl /Od /Oy- /D WIN32 /D _DEBUG /D _CONSOLE /D _LIB /D _UNICODE /D UNICODE /Gm /EHsc /RTC1 /MDd /GS /fp:precise /Zc:wchar_t /Zc:forScope /Yu"stdafx.h" /Fp"Debug\APEX_ISA_Implementation.pch" /Fo"Debug\\" /Fd"Debug\vc120.pdb" /Gd /TP /analyze- /errorReport:prompt ALU1.cpp ALU2.cpp APEX_ISA_Implementation.cpp Branch.cpp Decode.cpp Delay.cpp Dispatch.cpp Fetch.cpp Global.cpp IssueQueue.cpp Memory.cpp Multiply.cpp WriteBack.cpp
         WriteBack.cpp
         Multiply.cpp
         Memory.cpp
     1>c:\users\frank\documents\github\cs520project\apex_isa_implementation\apex_isa_implementation\memory.cpp(48): error C3083: 'REGISTERS': the symbol to the left of a '::' must be a type
     1>c:\users\frank\documents\github\cs520project\apex_isa_implementation\apex_isa_implementation\memory.cpp(48): error C2039: 'UNA' : is not a member of 'Global'
                 c:\users\frank\documents\github\cs520project\apex_isa_implementation\apex_isa_implementation\global.h(11) : see declaration of 'Global'
     1>c:\users\frank\documents\github\cs520project\apex_isa_implementation\apex_isa_implementation\memory.cpp(48): error C2065: 'UNA' : undeclared identifier
     1>c:\users\frank\documents\github\cs520project\apex_isa_implementation\apex_isa_implementation\memory.cpp(62): error C3083: 'REGISTERS': the symbol to the left of a '::' must be a type
     1>c:\users\frank\documents\github\cs520project\apex_isa_implementation\apex_isa_implementation\memory.cpp(62): error C2039: 'UNA' : is not a member of 'Global'
                 c:\users\frank\documents\github\cs520project\apex_isa_implementation\apex_isa_implementation\global.h(11) : see declaration of 'Global'
     1>c:\users\frank\documents\github\cs520project\apex_isa_implementation\apex_isa_implementation\memory.cpp(62): error C2065: 'UNA' : undeclared identifier
         IssueQueue.cpp
     1>c:\users\frank\documents\github\cs520project\apex_isa_implementation\apex_isa_implementation\issuequeue.cpp(26): warning C4018: '<' : signed/unsigned mismatch
     1>c:\users\frank\documents\github\cs520project\apex_isa_implementation\apex_isa_implementation\issuequeue.cpp(98): warning C4018: '<' : signed/unsigned mismatch
         Global.cpp
         Fetch.cpp
         Dispatch.cpp
         Delay.cpp
         Decode.cpp
         Branch.cpp
         APEX_ISA_Implementation.cpp
     1>c:\users\frank\documents\github\cs520project\apex_isa_implementation\apex_isa_implementation\apex_isa_implementation.cpp(13): warning C4627: '#include "APEX_ISA_Implementation.h"': skipped when looking for precompiled header use
                 Add directive to 'stdafx.h' or rebuild precompiled header
         ALU2.cpp
         ALU1.cpp
         Generating Code...
     1>c:\users\frank\documents\github\cs520project\apex_isa_implementation\apex_isa_implementation\issuequeue.cpp(179): warning C4715: 'IssueQueue::run' : not all control paths return a value
     1>Done Building Project "C:\Users\Frank\Documents\GitHub\cs520project\APEX_ISA_Implementation\APEX_ISA_Implementation\APEX_ISA_Implementation.vcxproj" (Rebuild target(s)) -- FAILED.

Build FAILED.

Time Elapsed 00:00:16.23
